2023-06-29T04:30:57.265-07:00  INFO 5984 --- [restartedMain] c.e.s.EmployeeDataApplication            : Starting EmployeeDataApplication using Java 17.0.7 with PID 5984 (C:\Users\KORMA\IdeaProjects\StudentSpring\target\classes started by KORMA in C:\Users\KORMA\IdeaProjects\StudentSpring)
2023-06-29T04:30:57.271-07:00  INFO 5984 --- [restartedMain] c.e.s.EmployeeDataApplication            : The following 1 profile is active: "dev"
2023-06-29T04:30:57.369-07:00  INFO 5984 --- [restartedMain] .e.DevToolsPropertyDefaultsPostProcessor : Devtools property defaults active! Set 'spring.devtools.add-properties' to 'false' to disable
2023-06-29T04:30:57.371-07:00  INFO 5984 --- [restartedMain] .e.DevToolsPropertyDefaultsPostProcessor : For additional web related logging consider setting the 'logging.level.web' property to 'DEBUG'
2023-06-29T04:30:58.770-07:00  INFO 5984 --- [restartedMain] .s.d.r.c.RepositoryConfigurationDelegate : Bootstrapping Spring Data JPA repositories in DEFAULT mode.
2023-06-29T04:30:58.899-07:00  INFO 5984 --- [restartedMain] .s.d.r.c.RepositoryConfigurationDelegate : Finished Spring Data repository scanning in 111 ms. Found 1 JPA repository interfaces.
2023-06-29T04:31:00.065-07:00  INFO 5984 --- [restartedMain] o.s.b.w.embedded.tomcat.TomcatWebServer  : Tomcat initialized with port(s): 9090 (http)
2023-06-29T04:31:00.080-07:00  INFO 5984 --- [restartedMain] o.apache.catalina.core.StandardService   : Starting service [Tomcat]
2023-06-29T04:31:00.080-07:00  INFO 5984 --- [restartedMain] o.apache.catalina.core.StandardEngine    : Starting Servlet engine: [Apache Tomcat/10.1.10]
2023-06-29T04:31:00.165-07:00  INFO 5984 --- [restartedMain] o.a.c.c.C.[Tomcat].[localhost].[/]       : Initializing Spring embedded WebApplicationContext
2023-06-29T04:31:00.166-07:00  INFO 5984 --- [restartedMain] w.s.c.ServletWebServerApplicationContext : Root WebApplicationContext: initialization completed in 2793 ms
2023-06-29T04:31:00.404-07:00  INFO 5984 --- [restartedMain] o.hibernate.jpa.internal.util.LogHelper  : HHH000204: Processing PersistenceUnitInfo [name: default]
2023-06-29T04:31:00.510-07:00  INFO 5984 --- [restartedMain] org.hibernate.Version                    : HHH000412: Hibernate ORM core version 6.2.5.Final
2023-06-29T04:31:00.512-07:00  INFO 5984 --- [restartedMain] org.hibernate.cfg.Environment            : HHH000406: Using bytecode reflection optimizer
2023-06-29T04:31:00.770-07:00  INFO 5984 --- [restartedMain] o.h.b.i.BytecodeProviderInitiator        : HHH000021: Bytecode provider name : bytebuddy
2023-06-29T04:31:01.010-07:00  INFO 5984 --- [restartedMain] o.s.o.j.p.SpringPersistenceUnitInfo      : No LoadTimeWeaver setup: ignoring JPA class transformer
2023-06-29T04:31:01.038-07:00  INFO 5984 --- [restartedMain] com.zaxxer.hikari.HikariDataSource       : HikariPool-1 - Starting...
2023-06-29T04:31:01.708-07:00  INFO 5984 --- [restartedMain] com.zaxxer.hikari.pool.HikariPool        : HikariPool-1 - Added connection com.mysql.cj.jdbc.ConnectionImpl@185ad1ed
2023-06-29T04:31:01.711-07:00  INFO 5984 --- [restartedMain] com.zaxxer.hikari.HikariDataSource       : HikariPool-1 - Start completed.
2023-06-29T04:31:02.157-07:00  INFO 5984 --- [restartedMain] o.h.b.i.BytecodeProviderInitiator        : HHH000021: Bytecode provider name : bytebuddy
2023-06-29T04:31:03.044-07:00  INFO 5984 --- [restartedMain] o.h.e.t.j.p.i.JtaPlatformInitiator       : HHH000490: Using JtaPlatform implementation: [org.hibernate.engine.transaction.jta.platform.internal.NoJtaPlatform]
2023-06-29T04:31:03.135-07:00  INFO 5984 --- [restartedMain] j.LocalContainerEntityManagerFactoryBean : Initialized JPA EntityManagerFactory for persistence unit 'default'
2023-06-29T04:31:03.578-07:00  WARN 5984 --- [restartedMain] JpaBaseConfiguration$JpaWebConfiguration : spring.jpa.open-in-view is enabled by default. Therefore, database queries may be performed during view rendering. Explicitly configure spring.jpa.open-in-view to disable this warning
2023-06-29T04:31:03.973-07:00  WARN 5984 --- [restartedMain] ion$DefaultTemplateResolverConfiguration : Cannot find template location: classpath:/templates/ (please add some templates, check your Thymeleaf configuration, or set spring.thymeleaf.check-template-location=false)
2023-06-29T04:31:04.092-07:00  INFO 5984 --- [restartedMain] o.s.b.d.a.OptionalLiveReloadServer       : LiveReload server is running on port 35729
2023-06-29T04:31:04.142-07:00  INFO 5984 --- [restartedMain] o.s.b.w.embedded.tomcat.TomcatWebServer  : Tomcat started on port(s): 9090 (http) with context path ''
2023-06-29T04:31:04.153-07:00  INFO 5984 --- [restartedMain] c.e.s.EmployeeDataApplication            : Started EmployeeDataApplication in 7.756 seconds (process running for 9.226)
2023-06-29T04:31:04.158-07:00  INFO 5984 --- [restartedMain] c.e.s.EmployeeDataApplication            : You are working with SpringBoot...
2023-06-29T04:31:04.159-07:00 ERROR 5984 --- [restartedMain] c.e.s.EmployeeDataApplication            : Springboot Not working...
2023-06-29T04:31:37.149-07:00  INFO 5984 --- [SpringApplicationShutdownHook] j.LocalContainerEntityManagerFactoryBean : Closing JPA EntityManagerFactory for persistence unit 'default'
2023-06-29T04:31:37.160-07:00  INFO 5984 --- [SpringApplicationShutdownHook] com.zaxxer.hikari.HikariDataSource       : HikariPool-1 - Shutdown initiated...
2023-06-29T04:31:37.175-07:00  INFO 5984 --- [SpringApplicationShutdownHook] com.zaxxer.hikari.HikariDataSource       : HikariPool-1 - Shutdown completed.
2023-06-29T04:31:48.468-07:00  WARN 4528 --- [restartedMain] JpaBaseConfiguration$JpaWebConfiguration : spring.jpa.open-in-view is enabled by default. Therefore, database queries may be performed during view rendering. Explicitly configure spring.jpa.open-in-view to disable this warning
2023-06-29T04:31:48.799-07:00  WARN 4528 --- [restartedMain] ion$DefaultTemplateResolverConfiguration : Cannot find template location: classpath:/templates/ (please add some templates, check your Thymeleaf configuration, or set spring.thymeleaf.check-template-location=false)
2023-06-29T04:31:48.975-07:00 ERROR 4528 --- [restartedMain] c.e.s.EmployeeDataApplication            : Springboot Not working...
2023-180-06 04:06 [WARN] [restartedMain] [o.s.b.a.o.j.JpaBaseConfiguration$JpaWebConfiguration :231] spring.jpa.open-in-view is enabled by default. Therefore, database queries may be performed during view rendering. Explicitly configure spring.jpa.open-in-view to disable this warning
2023-180-06 04:06 [WARN] [restartedMain] [o.s.b.a.t.ThymeleafAutoConfiguration$DefaultTemplateResolverConfiguration :101] Cannot find template location: classpath:/templates/ (please add some templates, check your Thymeleaf configuration, or set spring.thymeleaf.check-template-location=false)
2023-180-06 04:06 [ERROR] [restartedMain] [c.e.s.EmployeeDataApplication :15] Springboot Not working...
